<?xml version="1.0" encoding="UTF-8"?>
<coverage generated="1734617261105" clover="3.2.0">
  <project timestamp="1734617261105" name="All files">
    <metrics statements="51" coveredstatements="28" conditionals="50" coveredconditionals="9" methods="20" coveredmethods="6" elements="121" coveredelements="43" complexity="0" loc="51" ncloc="51" packages="2" files="3" classes="3"/>
    <package name="entities.projectList.ui">
      <metrics statements="35" coveredstatements="22" conditionals="30" coveredconditionals="9" methods="14" coveredmethods="6"/>
      <file name="projectList.tsx" path="/Users/giuhki/techeer-log/frontend/src/entities/projectList/ui/projectList.tsx">
        <metrics statements="35" coveredstatements="22" conditionals="30" coveredconditionals="9" methods="14" coveredmethods="6"/>
        <line num="1" count="1" type="stmt"/>
        <line num="2" count="1" type="stmt"/>
        <line num="3" count="1" type="stmt"/>
        <line num="4" count="1" type="stmt"/>
        <line num="5" count="1" type="stmt"/>
        <line num="15" count="1" type="stmt"/>
        <line num="24" count="1" type="stmt"/>
        <line num="25" count="6" type="stmt"/>
        <line num="26" count="6" type="cond" truecount="1" falsecount="1"/>
        <line num="27" count="6" type="stmt"/>
        <line num="28" count="6" type="stmt"/>
        <line num="32" count="6" type="cond" truecount="2" falsecount="0"/>
        <line num="33" count="18" type="stmt"/>
        <line num="35" count="3" type="stmt"/>
        <line num="36" count="18" type="cond" truecount="2" falsecount="0"/>
        <line num="40" count="6" type="cond" truecount="3" falsecount="0"/>
        <line num="41" count="9" type="stmt"/>
        <line num="44" count="6" type="cond" truecount="1" falsecount="0"/>
        <line num="45" count="6" type="stmt"/>
        <line num="47" count="6" type="stmt"/>
        <line num="49" count="6" type="stmt"/>
        <line num="58" count="1" type="stmt"/>
        <line num="59" count="0" type="stmt"/>
        <line num="67" count="0" type="stmt"/>
        <line num="68" count="0" type="stmt"/>
        <line num="69" count="0" type="cond" truecount="0" falsecount="3"/>
        <line num="70" count="0" type="stmt"/>
        <line num="74" count="0" type="cond" truecount="0" falsecount="3"/>
        <line num="75" count="0" type="stmt"/>
        <line num="78" count="0" type="stmt"/>
        <line num="84" count="0" type="stmt"/>
        <line num="85" count="0" type="stmt"/>
        <line num="90" count="0" type="stmt"/>
        <line num="95" count="0" type="stmt"/>
        <line num="108" count="0" type="stmt"/>
      </file>
    </package>
    <package name="shared.ui">
      <metrics statements="16" coveredstatements="6" conditionals="20" coveredconditionals="0" methods="6" coveredmethods="0"/>
      <file name="ProjectBoxCard.tsx" path="/Users/giuhki/techeer-log/frontend/src/shared/ui/ProjectBoxCard.tsx">
        <metrics statements="13" coveredstatements="4" conditionals="20" coveredconditionals="0" methods="5" coveredmethods="0"/>
        <line num="1" count="1" type="stmt"/>
        <line num="3" count="1" type="stmt"/>
        <line num="4" count="1" type="stmt"/>
        <line num="9" count="1" type="stmt"/>
        <line num="10" count="0" type="stmt"/>
        <line num="11" count="0" type="stmt"/>
        <line num="12" count="0" type="stmt"/>
        <line num="14" count="0" type="stmt"/>
        <line num="15" count="0" type="cond" truecount="0" falsecount="2"/>
        <line num="17" count="0" type="stmt"/>
        <line num="19" count="0" type="stmt"/>
        <line num="31" count="0" type="stmt"/>
        <line num="32" count="0" type="stmt"/>
      </file>
      <file name="SkeletonCard.tsx" path="/Users/giuhki/techeer-log/frontend/src/shared/ui/SkeletonCard.tsx">
        <metrics statements="3" coveredstatements="2" conditionals="0" coveredconditionals="0" methods="1" coveredmethods="0"/>
        <line num="1" count="1" type="stmt"/>
        <line num="2" count="0" type="stmt"/>
        <line num="16" count="1" type="stmt"/>
      </file>
    </package>
  </project>
</coverage>
