{"/Users/giuhki/techeer-log/frontend/src/entities/projectList/ui/projectList.tsx": {"path":"/Users/giuhki/techeer-log/frontend/src/entities/projectList/ui/projectList.tsx","statementMap":{"0":{"start":{"line":1,"column":0},"end":{"line":1,"column":69}},"1":{"start":{"line":2,"column":0},"end":{"line":2,"column":56}},"2":{"start":{"line":3,"column":0},"end":{"line":3,"column":60}},"3":{"start":{"line":4,"column":0},"end":{"line":4,"column":63}},"4":{"start":{"line":5,"column":0},"end":{"line":5,"column":67}},"5":{"start":{"line":15,"column":46},"end":{"line":21,"column":2}},"6":{"start":{"line":24,"column":27},"end":{"line":56,"column":1}},"7":{"start":{"line":25,"column":79},"end":{"line":25,"column":105}},"8":{"start":{"line":26,"column":19},"end":{"line":26,"column":43}},"9":{"start":{"line":27,"column":27},"end":{"line":48,"column":83}},"10":{"start":{"line":28,"column":12},"end":{"line":28,"column":25}},"11":{"start":{"line":32,"column":4},"end":{"line":38,"column":5}},"12":{"start":{"line":33,"column":6},"end":{"line":33,"column":93}},"13":{"start":{"line":33,"column":44},"end":{"line":33,"column":91}},"14":{"start":{"line":35,"column":6},"end":{"line":37,"column":8}},"15":{"start":{"line":36,"column":33},"end":{"line":36,"column":109}},"16":{"start":{"line":40,"column":4},"end":{"line":42,"column":5}},"17":{"start":{"line":41,"column":6},"end":{"line":41,"column":66}},"18":{"start":{"line":41,"column":33},"end":{"line":41,"column":64}},"19":{"start":{"line":44,"column":4},"end":{"line":46,"column":5}},"20":{"start":{"line":45,"column":6},"end":{"line":45,"column":89}},"21":{"start":{"line":45,"column":41},"end":{"line":45,"column":87}},"22":{"start":{"line":47,"column":4},"end":{"line":47,"column":13}},"23":{"start":{"line":49,"column":2},"end":{"line":55,"column":4}},"24":{"start":{"line":24,"column":13},"end":{"line":24,"column":27}},"25":{"start":{"line":58,"column":27},"end":{"line":121,"column":1}},"26":{"start":{"line":59,"column":83},"end":{"line":65,"column":4}},"27":{"start":{"line":67,"column":26},"end":{"line":67,"column":37}},"28":{"start":{"line":68,"column":2},"end":{"line":72,"column":43}},"29":{"start":{"line":69,"column":4},"end":{"line":71,"column":5}},"30":{"start":{"line":70,"column":6},"end":{"line":70,"column":22}},"31":{"start":{"line":74,"column":2},"end":{"line":82,"column":3}},"32":{"start":{"line":75,"column":4},"end":{"line":81,"column":6}},"33":{"start":{"line":78,"column":10},"end":{"line":78,"column":38}},"34":{"start":{"line":84,"column":26},"end":{"line":87,"column":null}},"35":{"start":{"line":85,"column":4},"end":{"line":87,"column":7}},"36":{"start":{"line":85,"column":4},"end":{"line":85,"column":53}},"37":{"start":{"line":85,"column":71},"end":{"line":87,"column":6}},"38":{"start":{"line":90,"column":2},"end":{"line":120,"column":4}},"39":{"start":{"line":95,"column":38},"end":{"line":95,"column":71}},"40":{"start":{"line":108,"column":16},"end":{"line":108,"column":50}},"41":{"start":{"line":58,"column":13},"end":{"line":58,"column":27}}},"fnMap":{"0":{"name":"(anonymous_7)","decl":{"start":{"line":24,"column":27},"end":{"line":24,"column":28}},"loc":{"start":{"line":24,"column":104},"end":{"line":56,"column":1}}},"1":{"name":"(anonymous_8)","decl":{"start":{"line":27,"column":35},"end":{"line":27,"column":38}},"loc":{"start":{"line":27,"column":40},"end":{"line":48,"column":3}}},"2":{"name":"(anonymous_9)","decl":{"start":{"line":33,"column":19},"end":{"line":33,"column":20}},"loc":{"start":{"line":33,"column":44},"end":{"line":33,"column":91}}},"3":{"name":"(anonymous_10)","decl":{"start":{"line":36,"column":8},"end":{"line":36,"column":9}},"loc":{"start":{"line":36,"column":33},"end":{"line":36,"column":109}}},"4":{"name":"(anonymous_11)","decl":{"start":{"line":41,"column":19},"end":{"line":41,"column":20}},"loc":{"start":{"line":41,"column":33},"end":{"line":41,"column":64}}},"5":{"name":"(anonymous_12)","decl":{"start":{"line":45,"column":19},"end":{"line":45,"column":20}},"loc":{"start":{"line":45,"column":41},"end":{"line":45,"column":87}}},"6":{"name":"(anonymous_13)","decl":{"start":{"line":58,"column":27},"end":{"line":58,"column":28}},"loc":{"start":{"line":58,"column":115},"end":{"line":121,"column":1}}},"7":{"name":"(anonymous_14)","decl":{"start":{"line":68,"column":12},"end":{"line":68,"column":15}},"loc":{"start":{"line":68,"column":17},"end":{"line":72,"column":3}}},"8":{"name":"(anonymous_15)","decl":{"start":{"line":77,"column":27},"end":{"line":77,"column":28}},"loc":{"start":{"line":78,"column":10},"end":{"line":78,"column":38}}},"9":{"name":"(anonymous_16)","decl":{"start":{"line":84,"column":37},"end":{"line":84,"column":40}},"loc":{"start":{"line":85,"column":4},"end":{"line":87,"column":7}}},"10":{"name":"(anonymous_17)","decl":{"start":{"line":85,"column":4},"end":{"line":85,"column":11}},"loc":{"start":{"line":85,"column":4},"end":{"line":85,"column":53}}},"11":{"name":"(anonymous_18)","decl":{"start":{"line":85,"column":58},"end":{"line":85,"column":59}},"loc":{"start":{"line":85,"column":71},"end":{"line":87,"column":6}}},"12":{"name":"(anonymous_19)","decl":{"start":{"line":95,"column":25},"end":{"line":95,"column":26}},"loc":{"start":{"line":95,"column":38},"end":{"line":95,"column":71}}},"13":{"name":"(anonymous_20)","decl":{"start":{"line":107,"column":28},"end":{"line":107,"column":29}},"loc":{"start":{"line":108,"column":16},"end":{"line":108,"column":50}}}},"branchMap":{"0":{"loc":{"start":{"line":26,"column":19},"end":{"line":26,"column":43}},"type":"binary-expr","locations":[{"start":{"line":26,"column":19},"end":{"line":26,"column":37}},{"start":{"line":26,"column":41},"end":{"line":26,"column":43}}]},"1":{"loc":{"start":{"line":32,"column":4},"end":{"line":38,"column":5}},"type":"if","locations":[{"start":{"line":32,"column":4},"end":{"line":38,"column":5}},{"start":{"line":34,"column":11},"end":{"line":38,"column":5}}]},"2":{"loc":{"start":{"line":36,"column":33},"end":{"line":36,"column":109}},"type":"binary-expr","locations":[{"start":{"line":36,"column":33},"end":{"line":36,"column":67}},{"start":{"line":36,"column":71},"end":{"line":36,"column":109}}]},"3":{"loc":{"start":{"line":40,"column":4},"end":{"line":42,"column":5}},"type":"if","locations":[{"start":{"line":40,"column":4},"end":{"line":42,"column":5}}]},"4":{"loc":{"start":{"line":40,"column":8},"end":{"line":40,"column":57}},"type":"binary-expr","locations":[{"start":{"line":40,"column":8},"end":{"line":40,"column":32}},{"start":{"line":40,"column":36},"end":{"line":40,"column":57}}]},"5":{"loc":{"start":{"line":44,"column":4},"end":{"line":46,"column":5}},"type":"if","locations":[{"start":{"line":44,"column":4},"end":{"line":46,"column":5}}]},"6":{"loc":{"start":{"line":69,"column":4},"end":{"line":71,"column":5}},"type":"if","locations":[{"start":{"line":69,"column":4},"end":{"line":71,"column":5}}]},"7":{"loc":{"start":{"line":69,"column":8},"end":{"line":69,"column":29}},"type":"binary-expr","locations":[{"start":{"line":69,"column":8},"end":{"line":69,"column":14}},{"start":{"line":69,"column":18},"end":{"line":69,"column":29}}]},"8":{"loc":{"start":{"line":74,"column":2},"end":{"line":82,"column":3}},"type":"if","locations":[{"start":{"line":74,"column":2},"end":{"line":82,"column":3}}]},"9":{"loc":{"start":{"line":74,"column":6},"end":{"line":74,"column":39}},"type":"binary-expr","locations":[{"start":{"line":74,"column":6},"end":{"line":74,"column":16}},{"start":{"line":74,"column":20},"end":{"line":74,"column":39}}]},"10":{"loc":{"start":{"line":92,"column":7},"end":{"line":117,"column":null}},"type":"cond-expr","locations":[{"start":{"line":93,"column":8},"end":{"line":101,"column":null}},{"start":{"line":104,"column":8},"end":{"line":116,"column":null}}]},"11":{"loc":{"start":{"line":94,"column":11},"end":{"line":99,"column":null}},"type":"cond-expr","locations":[{"start":{"line":95,"column":12},"end":{"line":95,"column":92}},{"start":{"line":97,"column":12},"end":{"line":97,"column":null}}]},"12":{"loc":{"start":{"line":94,"column":11},"end":{"line":94,"column":42}},"type":"binary-expr","locations":[{"start":{"line":94,"column":11},"end":{"line":94,"column":19}},{"start":{"line":94,"column":23},"end":{"line":94,"column":42}}]},"13":{"loc":{"start":{"line":101,"column":11},"end":{"line":101,"column":114}},"type":"cond-expr","locations":[{"start":{"line":101,"column":32},"end":{"line":101,"column":94}},{"start":{"line":101,"column":97},"end":{"line":101,"column":114}}]},"14":{"loc":{"start":{"line":105,"column":11},"end":{"line":114,"column":null}},"type":"cond-expr","locations":[{"start":{"line":106,"column":12},"end":{"line":109,"column":null}},{"start":{"line":112,"column":12},"end":{"line":112,"column":null}}]},"15":{"loc":{"start":{"line":105,"column":11},"end":{"line":105,"column":42}},"type":"binary-expr","locations":[{"start":{"line":105,"column":11},"end":{"line":105,"column":19}},{"start":{"line":105,"column":23},"end":{"line":105,"column":42}}]},"16":{"loc":{"start":{"line":116,"column":11},"end":{"line":116,"column":114}},"type":"cond-expr","locations":[{"start":{"line":116,"column":32},"end":{"line":116,"column":94}},{"start":{"line":116,"column":97},"end":{"line":116,"column":114}}]}},"s":{"0":1,"1":1,"2":1,"3":1,"4":1,"5":1,"6":1,"7":6,"8":6,"9":6,"10":6,"11":6,"12":3,"13":18,"14":3,"15":18,"16":6,"17":3,"18":9,"19":6,"20":3,"21":6,"22":6,"23":6,"24":1,"25":1,"26":0,"27":0,"28":0,"29":0,"30":0,"31":0,"32":0,"33":0,"34":0,"35":0,"36":0,"37":0,"38":0,"39":0,"40":0,"41":1},"f":{"0":6,"1":6,"2":18,"3":18,"4":9,"5":6,"6":0,"7":0,"8":0,"9":0,"10":0,"11":0,"12":0,"13":0},"b":{"0":[6,0],"1":[3,3],"2":[18,12],"3":[3],"4":[6,6],"5":[3],"6":[0],"7":[0,0],"8":[0],"9":[0,0],"10":[0,0],"11":[0,0],"12":[0,0],"13":[0,0],"14":[0,0],"15":[0,0],"16":[0,0]}}
,"/Users/giuhki/techeer-log/frontend/src/shared/ui/ProjectBoxCard.tsx": {"path":"/Users/giuhki/techeer-log/frontend/src/shared/ui/ProjectBoxCard.tsx","statementMap":{"0":{"start":{"line":1,"column":0},"end":{"line":1,"column":33}},"1":{"start":{"line":3,"column":0},"end":{"line":3,"column":51}},"2":{"start":{"line":4,"column":0},"end":{"line":4,"column":48}},"3":{"start":{"line":10,"column":24},"end":{"line":10,"column":117}},"4":{"start":{"line":10,"column":74},"end":{"line":10,"column":116}},"5":{"start":{"line":11,"column":23},"end":{"line":11,"column":115}},"6":{"start":{"line":11,"column":73},"end":{"line":11,"column":114}},"7":{"start":{"line":12,"column":19},"end":{"line":12,"column":46}},"8":{"start":{"line":14,"column":20},"end":{"line":14,"column":31}},"9":{"start":{"line":15,"column":26},"end":{"line":15,"column":118}},"10":{"start":{"line":17,"column":32},"end":{"line":17,"column":47}},"11":{"start":{"line":19,"column":2},"end":{"line":119,"column":4}},"12":{"start":{"line":31,"column":27},"end":{"line":31,"column":43}},"13":{"start":{"line":32,"column":26},"end":{"line":32,"column":43}},"14":{"start":{"line":9,"column":0},"end":{"line":9,"column":24}}},"fnMap":{"0":{"name":"ProjectBoxCard","decl":{"start":{"line":9,"column":24},"end":{"line":9,"column":38}},"loc":{"start":{"line":9,"column":65},"end":{"line":120,"column":1}}},"1":{"name":"(anonymous_1)","decl":{"start":{"line":10,"column":59},"end":{"line":10,"column":60}},"loc":{"start":{"line":10,"column":74},"end":{"line":10,"column":116}}},"2":{"name":"(anonymous_2)","decl":{"start":{"line":11,"column":58},"end":{"line":11,"column":59}},"loc":{"start":{"line":11,"column":73},"end":{"line":11,"column":114}}},"3":{"name":"(anonymous_3)","decl":{"start":{"line":31,"column":21},"end":{"line":31,"column":24}},"loc":{"start":{"line":31,"column":27},"end":{"line":31,"column":43}}},"4":{"name":"(anonymous_4)","decl":{"start":{"line":32,"column":20},"end":{"line":32,"column":23}},"loc":{"start":{"line":32,"column":26},"end":{"line":32,"column":43}}}},"branchMap":{"0":{"loc":{"start":{"line":15,"column":26},"end":{"line":15,"column":118}},"type":"cond-expr","locations":[{"start":{"line":15,"column":46},"end":{"line":15,"column":91}},{"start":{"line":15,"column":94},"end":{"line":15,"column":118}}]},"1":{"loc":{"start":{"line":21,"column":7},"end":{"line":26,"column":null}},"type":"cond-expr","locations":[{"start":{"line":22,"column":8},"end":{"line":23,"column":null}},{"start":{"line":26,"column":8},"end":{"line":26,"column":13}}]},"2":{"loc":{"start":{"line":34,"column":9},"end":{"line":100,"column":null}},"type":"cond-expr","locations":[{"start":{"line":35,"column":10},"end":{"line":97,"column":null}},{"start":{"line":100,"column":10},"end":{"line":100,"column":15}}]},"3":{"loc":{"start":{"line":41,"column":15},"end":{"line":45,"column":22}},"type":"cond-expr","locations":[{"start":{"line":42,"column":18},"end":{"line":42,"column":28}},{"start":{"line":43,"column":18},"end":{"line":45,"column":22}}]},"4":{"loc":{"start":{"line":43,"column":18},"end":{"line":45,"column":22}},"type":"cond-expr","locations":[{"start":{"line":44,"column":20},"end":{"line":44,"column":30}},{"start":{"line":45,"column":20},"end":{"line":45,"column":22}}]},"5":{"loc":{"start":{"line":51,"column":15},"end":{"line":58,"column":null}},"type":"cond-expr","locations":[{"start":{"line":52,"column":16},"end":{"line":55,"column":null}},{"start":{"line":58,"column":16},"end":{"line":58,"column":21}}]},"6":{"loc":{"start":{"line":60,"column":15},"end":{"line":67,"column":null}},"type":"cond-expr","locations":[{"start":{"line":61,"column":16},"end":{"line":64,"column":null}},{"start":{"line":67,"column":16},"end":{"line":67,"column":21}}]},"7":{"loc":{"start":{"line":77,"column":15},"end":{"line":85,"column":null}},"type":"cond-expr","locations":[{"start":{"line":78,"column":16},"end":{"line":82,"column":null}},{"start":{"line":85,"column":16},"end":{"line":85,"column":21}}]},"8":{"loc":{"start":{"line":87,"column":15},"end":{"line":95,"column":null}},"type":"cond-expr","locations":[{"start":{"line":88,"column":16},"end":{"line":92,"column":null}},{"start":{"line":95,"column":16},"end":{"line":95,"column":21}}]},"9":{"loc":{"start":{"line":103,"column":11},"end":{"line":106,"column":null}},"type":"cond-expr","locations":[{"start":{"line":104,"column":12},"end":{"line":104,"column":101}},{"start":{"line":106,"column":12},"end":{"line":106,"column":17}}]}},"s":{"0":1,"1":1,"2":1,"3":0,"4":0,"5":0,"6":0,"7":0,"8":0,"9":0,"10":0,"11":0,"12":0,"13":0,"14":1},"f":{"0":0,"1":0,"2":0,"3":0,"4":0},"b":{"0":[0,0],"1":[0,0],"2":[0,0],"3":[0,0],"4":[0,0],"5":[0,0],"6":[0,0],"7":[0,0],"8":[0,0],"9":[0,0]}}
,"/Users/giuhki/techeer-log/frontend/src/shared/ui/SkeletonCard.tsx": {"path":"/Users/giuhki/techeer-log/frontend/src/shared/ui/SkeletonCard.tsx","statementMap":{"0":{"start":{"line":1,"column":21},"end":{"line":14,"column":1}},"1":{"start":{"line":2,"column":2},"end":{"line":13,"column":4}},"2":{"start":{"line":16,"column":0},"end":{"line":16,"column":28}}},"fnMap":{"0":{"name":"(anonymous_0)","decl":{"start":{"line":1,"column":21},"end":{"line":1,"column":24}},"loc":{"start":{"line":1,"column":26},"end":{"line":14,"column":1}}}},"branchMap":{},"s":{"0":1,"1":0,"2":1},"f":{"0":0},"b":{}}
}
