TN:
SF:src/entities/projectList/ui/projectList.tsx
FN:24,(anonymous_7)
FN:27,(anonymous_8)
FN:33,(anonymous_9)
FN:36,(anonymous_10)
FN:41,(anonymous_11)
FN:45,(anonymous_12)
FN:58,(anonymous_13)
FN:68,(anonymous_14)
FN:77,(anonymous_15)
FN:84,(anonymous_16)
FN:85,(anonymous_17)
FN:85,(anonymous_18)
FN:95,(anonymous_19)
FN:107,(anonymous_20)
FNF:14
FNH:6
FNDA:6,(anonymous_7)
FNDA:6,(anonymous_8)
FNDA:18,(anonymous_9)
FNDA:18,(anonymous_10)
FNDA:9,(anonymous_11)
FNDA:6,(anonymous_12)
FNDA:0,(anonymous_13)
FNDA:0,(anonymous_14)
FNDA:0,(anonymous_15)
FNDA:0,(anonymous_16)
FNDA:0,(anonymous_17)
FNDA:0,(anonymous_18)
FNDA:0,(anonymous_19)
FNDA:0,(anonymous_20)
DA:1,1
DA:2,1
DA:3,1
DA:4,1
DA:5,1
DA:15,1
DA:24,1
DA:25,6
DA:26,6
DA:27,6
DA:28,6
DA:32,6
DA:33,18
DA:35,3
DA:36,18
DA:40,6
DA:41,9
DA:44,6
DA:45,6
DA:47,6
DA:49,6
DA:58,1
DA:59,0
DA:67,0
DA:68,0
DA:69,0
DA:70,0
DA:74,0
DA:75,0
DA:78,0
DA:84,0
DA:85,0
DA:90,0
DA:95,0
DA:108,0
LF:35
LH:22
BRDA:26,0,0,6
BRDA:26,0,1,0
BRDA:32,1,0,3
BRDA:32,1,1,3
BRDA:36,2,0,18
BRDA:36,2,1,12
BRDA:40,3,0,3
BRDA:40,4,0,6
BRDA:40,4,1,6
BRDA:44,5,0,3
BRDA:69,6,0,0
BRDA:69,7,0,0
BRDA:69,7,1,0
BRDA:74,8,0,0
BRDA:74,9,0,0
BRDA:74,9,1,0
BRDA:92,10,0,0
BRDA:92,10,1,0
BRDA:94,11,0,0
BRDA:94,11,1,0
BRDA:94,12,0,0
BRDA:94,12,1,0
BRDA:101,13,0,0
BRDA:101,13,1,0
BRDA:105,14,0,0
BRDA:105,14,1,0
BRDA:105,15,0,0
BRDA:105,15,1,0
BRDA:116,16,0,0
BRDA:116,16,1,0
BRF:30
BRH:9
end_of_record
TN:
SF:src/shared/ui/ProjectBoxCard.tsx
FN:9,ProjectBoxCard
FN:10,(anonymous_1)
FN:11,(anonymous_2)
FN:31,(anonymous_3)
FN:32,(anonymous_4)
FNF:5
FNH:0
FNDA:0,ProjectBoxCard
FNDA:0,(anonymous_1)
FNDA:0,(anonymous_2)
FNDA:0,(anonymous_3)
FNDA:0,(anonymous_4)
DA:1,1
DA:3,1
DA:4,1
DA:9,1
DA:10,0
DA:11,0
DA:12,0
DA:14,0
DA:15,0
DA:17,0
DA:19,0
DA:31,0
DA:32,0
LF:13
LH:4
BRDA:15,0,0,0
BRDA:15,0,1,0
BRDA:21,1,0,0
BRDA:21,1,1,0
BRDA:34,2,0,0
BRDA:34,2,1,0
BRDA:41,3,0,0
BRDA:41,3,1,0
BRDA:43,4,0,0
BRDA:43,4,1,0
BRDA:51,5,0,0
BRDA:51,5,1,0
BRDA:60,6,0,0
BRDA:60,6,1,0
BRDA:77,7,0,0
BRDA:77,7,1,0
BRDA:87,8,0,0
BRDA:87,8,1,0
BRDA:103,9,0,0
BRDA:103,9,1,0
BRF:20
BRH:0
end_of_record
TN:
SF:src/shared/ui/SkeletonCard.tsx
FN:1,(anonymous_0)
FNF:1
FNH:0
FNDA:0,(anonymous_0)
DA:1,1
DA:2,0
DA:16,1
LF:3
LH:2
BRF:0
BRH:0
end_of_record
